<?xml version="1.0" encoding="UTF-8"?>
<testsuite name="DiamondPrinterTest" tests="5" skipped="0" failures="0" errors="0" timestamp="2020-02-10T16:16:29" hostname="US-eloy98104" time="0.009">
  <properties/>
  <testcase name="testFourByFourDiamond" classname="DiamondPrinterTest" time="0.005"/>
  <testcase name="testFullDiamond" classname="DiamondPrinterTest" time="0.001"/>
  <testcase name="testThreeByThreeDiamond" classname="DiamondPrinterTest" time="0.001"/>
  <testcase name="testOneByOneDiamond" classname="DiamondPrinterTest" time="0.0"/>
  <testcase name="testTwoByTwoDiamond" classname="DiamondPrinterTest" time="0.0"/>
  <system-out><![CDATA[]]></system-out>
  <system-err><![CDATA[]]></system-err>
</testsuite>
